<?xml version="1.0" encoding="UTF-8"?>
<testsuite xmlns:xsi="http://www.w3.org/2001/XMLSchema-instance" xsi:noNamespaceSchemaLocation="https://maven.apache.org/surefire/maven-surefire-plugin/xsd/surefire-test-report-3.0.xsd" version="3.0" name="ma.leet.repositories.EmbeddedDataSourceTest" time="0.356" tests="1" errors="0" skipped="0" failures="0">
  <properties>
    <property name="gopherProxySet" value="false"/>
    <property name="awt.toolkit" value="sun.lwawt.macosx.LWCToolkit"/>
    <property name="java.specification.version" value="11"/>
    <property name="sun.cpu.isalist" value=""/>
    <property name="sun.jnu.encoding" value="UTF-8"/>
    <property name="java.class.path" value="/goinfre/hlahwaou/javaModules/Module06/ex03/Tests/target/test-classes:/goinfre/hlahwaou/javaModules/Module06/ex03/Tests/target/classes:/Users/hlahwaou/.m2/repository/org/junit/jupiter/junit-jupiter-api/5.10.2/junit-jupiter-api-5.10.2.jar:/Users/hlahwaou/.m2/repository/org/opentest4j/opentest4j/1.3.0/opentest4j-1.3.0.jar:/Users/hlahwaou/.m2/repository/org/junit/platform/junit-platform-commons/1.10.2/junit-platform-commons-1.10.2.jar:/Users/hlahwaou/.m2/repository/org/apiguardian/apiguardian-api/1.1.2/apiguardian-api-1.1.2.jar:/Users/hlahwaou/.m2/repository/org/geotools/gt-epsg-hsql/21.2/gt-epsg-hsql-21.2.jar:/Users/hlahwaou/.m2/repository/org/geotools/gt-referencing/21.2/gt-referencing-21.2.jar:/Users/hlahwaou/.m2/repository/org/ejml/ejml-ddense/0.34/ejml-ddense-0.34.jar:/Users/hlahwaou/.m2/repository/org/ejml/ejml-core/0.34/ejml-core-0.34.jar:/Users/hlahwaou/.m2/repository/commons-pool/commons-pool/1.5.4/commons-pool-1.5.4.jar:/Users/hlahwaou/.m2/repository/org/geotools/gt-metadata/21.2/gt-metadata-21.2.jar:/Users/hlahwaou/.m2/repository/org/geotools/gt-opengis/21.2/gt-opengis-21.2.jar:/Users/hlahwaou/.m2/repository/systems/uom/systems-common-java8/0.7.2/systems-common-java8-0.7.2.jar:/Users/hlahwaou/.m2/repository/tec/uom/uom-se/1.0.8/uom-se-1.0.8.jar:/Users/hlahwaou/.m2/repository/javax/measure/unit-api/1.0/unit-api-1.0.jar:/Users/hlahwaou/.m2/repository/tec/uom/lib/uom-lib-common/1.0.2/uom-lib-common-1.0.2.jar:/Users/hlahwaou/.m2/repository/si/uom/si-quantity/0.7.1/si-quantity-0.7.1.jar:/Users/hlahwaou/.m2/repository/si/uom/si-units-java8/0.7.1/si-units-java8-0.7.1.jar:/Users/hlahwaou/.m2/repository/org/apache/commons/commons-lang3/3.8.1/commons-lang3-3.8.1.jar:/Users/hlahwaou/.m2/repository/jgridshift/jgridshift/1.0/jgridshift-1.0.jar:/Users/hlahwaou/.m2/repository/net/sf/geographiclib/GeographicLib-Java/1.49/GeographicLib-Java-1.49.jar:/Users/hlahwaou/.m2/repository/org/hsqldb/hsqldb/2.4.1/hsqldb-2.4.1.jar:/Users/hlahwaou/.m2/repository/javax/media/jai_core/1.1.3/jai_core-1.1.3.jar:/Users/hlahwaou/.m2/repository/org/springframework/spring-jdbc/5.3.34/spring-jdbc-5.3.34.jar:/Users/hlahwaou/.m2/repository/org/springframework/spring-beans/5.3.34/spring-beans-5.3.34.jar:/Users/hlahwaou/.m2/repository/org/springframework/spring-core/5.3.34/spring-core-5.3.34.jar:/Users/hlahwaou/.m2/repository/org/springframework/spring-jcl/5.3.34/spring-jcl-5.3.34.jar:/Users/hlahwaou/.m2/repository/org/springframework/spring-tx/5.3.34/spring-tx-5.3.34.jar:/Users/hlahwaou/.m2/repository/org/junit/jupiter/junit-jupiter-engine/5.10.2/junit-jupiter-engine-5.10.2.jar:/Users/hlahwaou/.m2/repository/org/junit/platform/junit-platform-engine/1.10.2/junit-platform-engine-1.10.2.jar:/Users/hlahwaou/.m2/repository/org/junit/jupiter/junit-jupiter-params/5.10.2/junit-jupiter-params-5.10.2.jar:/Users/hlahwaou/.m2/repository/org/mockito/mockito-core/5.11.0/mockito-core-5.11.0.jar:/Users/hlahwaou/.m2/repository/net/bytebuddy/byte-buddy/1.14.12/byte-buddy-1.14.12.jar:/Users/hlahwaou/.m2/repository/net/bytebuddy/byte-buddy-agent/1.14.12/byte-buddy-agent-1.14.12.jar:/Users/hlahwaou/.m2/repository/org/objenesis/objenesis/3.3/objenesis-3.3.jar:"/>
    <property name="java.vm.vendor" value="Oracle Corporation"/>
    <property name="sun.arch.data.model" value="64"/>
    <property name="java.vendor.url" value="https://openjdk.java.net/"/>
    <property name="user.timezone" value="Africa/Casablanca"/>
    <property name="java.vm.specification.version" value="11"/>
    <property name="os.name" value="Mac OS X"/>
    <property name="sun.java.launcher" value="SUN_STANDARD"/>
    <property name="user.country" value="US"/>
    <property name="sun.boot.library.path" value="/Library/Java/JavaVirtualMachines/jdk-11.0.17.jdk/Contents/Home/lib"/>
    <property name="sun.java.command" value="/goinfre/hlahwaou/javaModules/Module06/ex03/Tests/target/surefire/surefirebooter-20241207191831666_3.jar /goinfre/hlahwaou/javaModules/Module06/ex03/Tests/target/surefire 2024-12-07T19-18-31_589-jvmRun1 surefire-20241207191831666_1tmp surefire_0-20241207191831666_2tmp"/>
    <property name="http.nonProxyHosts" value="local|*.local|169.254/16|*.169.254/16"/>
    <property name="jdk.debug" value="release"/>
    <property name="surefire.test.class.path" value="/goinfre/hlahwaou/javaModules/Module06/ex03/Tests/target/test-classes:/goinfre/hlahwaou/javaModules/Module06/ex03/Tests/target/classes:/Users/hlahwaou/.m2/repository/org/junit/jupiter/junit-jupiter-api/5.10.2/junit-jupiter-api-5.10.2.jar:/Users/hlahwaou/.m2/repository/org/opentest4j/opentest4j/1.3.0/opentest4j-1.3.0.jar:/Users/hlahwaou/.m2/repository/org/junit/platform/junit-platform-commons/1.10.2/junit-platform-commons-1.10.2.jar:/Users/hlahwaou/.m2/repository/org/apiguardian/apiguardian-api/1.1.2/apiguardian-api-1.1.2.jar:/Users/hlahwaou/.m2/repository/org/geotools/gt-epsg-hsql/21.2/gt-epsg-hsql-21.2.jar:/Users/hlahwaou/.m2/repository/org/geotools/gt-referencing/21.2/gt-referencing-21.2.jar:/Users/hlahwaou/.m2/repository/org/ejml/ejml-ddense/0.34/ejml-ddense-0.34.jar:/Users/hlahwaou/.m2/repository/org/ejml/ejml-core/0.34/ejml-core-0.34.jar:/Users/hlahwaou/.m2/repository/commons-pool/commons-pool/1.5.4/commons-pool-1.5.4.jar:/Users/hlahwaou/.m2/repository/org/geotools/gt-metadata/21.2/gt-metadata-21.2.jar:/Users/hlahwaou/.m2/repository/org/geotools/gt-opengis/21.2/gt-opengis-21.2.jar:/Users/hlahwaou/.m2/repository/systems/uom/systems-common-java8/0.7.2/systems-common-java8-0.7.2.jar:/Users/hlahwaou/.m2/repository/tec/uom/uom-se/1.0.8/uom-se-1.0.8.jar:/Users/hlahwaou/.m2/repository/javax/measure/unit-api/1.0/unit-api-1.0.jar:/Users/hlahwaou/.m2/repository/tec/uom/lib/uom-lib-common/1.0.2/uom-lib-common-1.0.2.jar:/Users/hlahwaou/.m2/repository/si/uom/si-quantity/0.7.1/si-quantity-0.7.1.jar:/Users/hlahwaou/.m2/repository/si/uom/si-units-java8/0.7.1/si-units-java8-0.7.1.jar:/Users/hlahwaou/.m2/repository/org/apache/commons/commons-lang3/3.8.1/commons-lang3-3.8.1.jar:/Users/hlahwaou/.m2/repository/jgridshift/jgridshift/1.0/jgridshift-1.0.jar:/Users/hlahwaou/.m2/repository/net/sf/geographiclib/GeographicLib-Java/1.49/GeographicLib-Java-1.49.jar:/Users/hlahwaou/.m2/repository/org/hsqldb/hsqldb/2.4.1/hsqldb-2.4.1.jar:/Users/hlahwaou/.m2/repository/javax/media/jai_core/1.1.3/jai_core-1.1.3.jar:/Users/hlahwaou/.m2/repository/org/springframework/spring-jdbc/5.3.34/spring-jdbc-5.3.34.jar:/Users/hlahwaou/.m2/repository/org/springframework/spring-beans/5.3.34/spring-beans-5.3.34.jar:/Users/hlahwaou/.m2/repository/org/springframework/spring-core/5.3.34/spring-core-5.3.34.jar:/Users/hlahwaou/.m2/repository/org/springframework/spring-jcl/5.3.34/spring-jcl-5.3.34.jar:/Users/hlahwaou/.m2/repository/org/springframework/spring-tx/5.3.34/spring-tx-5.3.34.jar:/Users/hlahwaou/.m2/repository/org/junit/jupiter/junit-jupiter-engine/5.10.2/junit-jupiter-engine-5.10.2.jar:/Users/hlahwaou/.m2/repository/org/junit/platform/junit-platform-engine/1.10.2/junit-platform-engine-1.10.2.jar:/Users/hlahwaou/.m2/repository/org/junit/jupiter/junit-jupiter-params/5.10.2/junit-jupiter-params-5.10.2.jar:/Users/hlahwaou/.m2/repository/org/mockito/mockito-core/5.11.0/mockito-core-5.11.0.jar:/Users/hlahwaou/.m2/repository/net/bytebuddy/byte-buddy/1.14.12/byte-buddy-1.14.12.jar:/Users/hlahwaou/.m2/repository/net/bytebuddy/byte-buddy-agent/1.14.12/byte-buddy-agent-1.14.12.jar:/Users/hlahwaou/.m2/repository/org/objenesis/objenesis/3.3/objenesis-3.3.jar:"/>
    <property name="sun.cpu.endian" value="little"/>
    <property name="user.home" value="/Users/hlahwaou"/>
    <property name="user.language" value="en"/>
    <property name="java.specification.vendor" value="Oracle Corporation"/>
    <property name="java.version.date" value="2022-10-18"/>
    <property name="java.home" value="/Library/Java/JavaVirtualMachines/jdk-11.0.17.jdk/Contents/Home"/>
    <property name="file.separator" value="/"/>
    <property name="basedir" value="/goinfre/hlahwaou/javaModules/Module06/ex03/Tests"/>
    <property name="java.vm.compressedOopsMode" value="Zero based"/>
    <property name="line.separator" value="&#10;"/>
    <property name="java.specification.name" value="Java Platform API Specification"/>
    <property name="java.vm.specification.vendor" value="Oracle Corporation"/>
    <property name="java.awt.graphicsenv" value="sun.awt.CGraphicsEnvironment"/>
    <property name="surefire.real.class.path" value="/goinfre/hlahwaou/javaModules/Module06/ex03/Tests/target/surefire/surefirebooter-20241207191831666_3.jar"/>
    <property name="sun.management.compiler" value="HotSpot 64-Bit Tiered Compilers"/>
    <property name="ftp.nonProxyHosts" value="local|*.local|169.254/16|*.169.254/16"/>
    <property name="java.runtime.version" value="11.0.17+10-LTS-269"/>
    <property name="user.name" value="hlahwaou"/>
    <property name="path.separator" value=":"/>
    <property name="os.version" value="10.15.7"/>
    <property name="java.runtime.name" value="Java(TM) SE Runtime Environment"/>
    <property name="file.encoding" value="UTF-8"/>
    <property name="java.vm.name" value="Java HotSpot(TM) 64-Bit Server VM"/>
    <property name="java.vendor.version" value="18.9"/>
    <property name="localRepository" value="/Users/hlahwaou/.m2/repository"/>
    <property name="java.vendor.url.bug" value="https://bugreport.java.com/bugreport/"/>
    <property name="java.io.tmpdir" value="/var/folders/zz/zyxvpxvq6csfxvn_n000chzw00347z/T/"/>
    <property name="java.version" value="11.0.17"/>
    <property name="user.dir" value="/goinfre/hlahwaou/javaModules/Module06/ex03/Tests"/>
    <property name="os.arch" value="x86_64"/>
    <property name="java.vm.specification.name" value="Java Virtual Machine Specification"/>
    <property name="java.awt.printerjob" value="sun.lwawt.macosx.CPrinterJob"/>
    <property name="sun.os.patch.level" value="unknown"/>
    <property name="java.library.path" value="/Users/hlahwaou/Library/Java/Extensions:/Library/Java/Extensions:/Network/Library/Java/Extensions:/System/Library/Java/Extensions:/usr/lib/java:."/>
    <property name="java.vendor" value="Oracle Corporation"/>
    <property name="java.vm.info" value="mixed mode"/>
    <property name="java.vm.version" value="11.0.17+10-LTS-269"/>
    <property name="sun.io.unicode.encoding" value="UnicodeBig"/>
    <property name="java.class.version" value="55.0"/>
    <property name="socksNonProxyHosts" value="local|*.local|169.254/16|*.169.254/16"/>
  </properties>
  <testcase name="getConnectionTest" classname="ma.leet.repositories.EmbeddedDataSourceTest" time="0.339">
    <system-err><![CDATA[Dec 07, 2024 7:18:32 PM org.springframework.jdbc.datasource.embedded.EmbeddedDatabaseFactory initDatabase
INFO: Starting embedded database: url='jdbc:hsqldb:mem:testdb', username='sa'
]]></system-err>
  </testcase>
</testsuite>